Using pre-set license
Built from '2022.3/staging' branch; Version is '2022.3.11f1 (d00248457e15) revision 13632072'; Using compiler version '192829333'; Build Type 'Release'
OS: 'Windows 11  (10.0.22621) 64bit CoreSingleLanguage' Language: 'en' Physical Memory: 7514 MB
BatchMode: 1, IsHumanControllingUs: 0, StartBugReporterOnCrash: 0, Is64bit: 1, IsPro: 1

COMMAND LINE ARGUMENTS:
C:\Program Files\Unity\Hub\Editor\2022.3.11f1\Editor\Unity.exe
-adb2
-batchMode
-noUpm
-name
AssetImportWorker3
-projectPath
C:/Users/ACER/Documents/Projects/SceneNavigation
-logFile
Logs/AssetImportWorker3.log
-srvPort
51084
Successfully changed project path to: C:/Users/ACER/Documents/Projects/SceneNavigation
C:/Users/ACER/Documents/Projects/SceneNavigation
[UnityMemory] Configuration Parameters - Can be set up in boot.config
    "memorysetup-bucket-allocator-granularity=16"
    "memorysetup-bucket-allocator-bucket-count=8"
    "memorysetup-bucket-allocator-block-size=33554432"
    "memorysetup-bucket-allocator-block-count=8"
    "memorysetup-main-allocator-block-size=16777216"
    "memorysetup-thread-allocator-block-size=16777216"
    "memorysetup-gfx-main-allocator-block-size=16777216"
    "memorysetup-gfx-thread-allocator-block-size=16777216"
    "memorysetup-cache-allocator-block-size=4194304"
    "memorysetup-typetree-allocator-block-size=2097152"
    "memorysetup-profiler-bucket-allocator-granularity=16"
    "memorysetup-profiler-bucket-allocator-bucket-count=8"
    "memorysetup-profiler-bucket-allocator-block-size=33554432"
    "memorysetup-profiler-bucket-allocator-block-count=8"
    "memorysetup-profiler-allocator-block-size=16777216"
    "memorysetup-profiler-editor-allocator-block-size=1048576"
    "memorysetup-temp-allocator-size-main=16777216"
    "memorysetup-job-temp-allocator-block-size=2097152"
    "memorysetup-job-temp-allocator-block-size-background=1048576"
    "memorysetup-job-temp-allocator-reduction-small-platforms=262144"
    "memorysetup-allocator-temp-initial-block-size-main=262144"
    "memorysetup-allocator-temp-initial-block-size-worker=262144"
    "memorysetup-temp-allocator-size-background-worker=32768"
    "memorysetup-temp-allocator-size-job-worker=262144"
    "memorysetup-temp-allocator-size-preload-manager=33554432"
    "memorysetup-temp-allocator-size-nav-mesh-worker=65536"
    "memorysetup-temp-allocator-size-audio-worker=65536"
    "memorysetup-temp-allocator-size-cloud-worker=32768"
    "memorysetup-temp-allocator-size-gi-baking-worker=262144"
    "memorysetup-temp-allocator-size-gfx=262144"
Player connection [23576] Host "[IP] 192.168.8.109 [Port] 0 [Flags] 2 [Guid] 3379853168 [EditorId] 3379853168 [Version] 1048832 [Id] WindowsEditor(7,LAPTOP-FVG69408) [Debug] 1 [PackageName] WindowsEditor [ProjectName] Editor" joined multi-casting on [225.0.0.222:54997]...

Player connection [23576] Host "[IP] 192.168.8.109 [Port] 0 [Flags] 2 [Guid] 3379853168 [EditorId] 3379853168 [Version] 1048832 [Id] WindowsEditor(7,LAPTOP-FVG69408) [Debug] 1 [PackageName] WindowsEditor [ProjectName] Editor" joined alternative multi-casting on [225.0.0.222:34997]...

[Physics::Module] Initialized MultithreadedJobDispatcher with 11 workers.
Refreshing native plugins compatible for Editor in 115.29 ms, found 3 plugins.
Preloading 0 native plugins for Editor in 0.00 ms.
Initialize engine version: 2022.3.11f1 (d00248457e15)
[Subsystems] Discovering subsystems at path C:/Program Files/Unity/Hub/Editor/2022.3.11f1/Editor/Data/Resources/UnitySubsystems
[Subsystems] Discovering subsystems at path C:/Users/ACER/Documents/Projects/SceneNavigation/Assets
GfxDevice: creating device client; threaded=0; jobified=0
Direct3D:
    Version:  Direct3D 11.0 [level 11.1]
    Renderer: NVIDIA GeForce GTX 1650 (ID=0x1f9d)
    Vendor:   NVIDIA
    VRAM:     3962 MB
    Driver:   27.21.14.5734
Initialize mono
Mono path[0] = 'C:/Program Files/Unity/Hub/Editor/2022.3.11f1/Editor/Data/Managed'
Mono path[1] = 'C:/Program Files/Unity/Hub/Editor/2022.3.11f1/Editor/Data/MonoBleedingEdge/lib/mono/unityjit-win32'
Mono config path = 'C:/Program Files/Unity/Hub/Editor/2022.3.11f1/Editor/Data/MonoBleedingEdge/etc'
Using monoOptions --debugger-agent=transport=dt_socket,embedding=1,server=y,suspend=n,address=127.0.0.1:56488
Begin MonoManager ReloadAssembly
Registering precompiled unity dll's ...
Register platform support module: C:/Program Files/Unity/Hub/Editor/2022.3.11f1/Editor/Data/PlaybackEngines/AndroidPlayer/UnityEditor.Android.Extensions.dll
Register platform support module: C:/Program Files/Unity/Hub/Editor/2022.3.11f1/Editor/Data/PlaybackEngines/WindowsStandaloneSupport/UnityEditor.WindowsStandalone.Extensions.dll
Registered in 0.009807 seconds.
- Loaded All Assemblies, in  0.585 seconds
Native extension for WindowsStandalone target not found
Native extension for Android target not found
Android Extension - Scanning For ADB Devices 525 ms
Mono: successfully reloaded assembly
- Finished resetting the current domain, in  0.944 seconds
Domain Reload Profiling: 1528ms
	BeginReloadAssembly (217ms)
		ExecutionOrderSort (0ms)
		DisableScriptedObjects (0ms)
		BackupInstance (0ms)
		ReleaseScriptingObjects (0ms)
		CreateAndSetChildDomain (2ms)
	RebuildCommonClasses (51ms)
	RebuildNativeTypeToScriptingClass (12ms)
	initialDomainReloadingComplete (86ms)
	LoadAllAssembliesAndSetupDomain (217ms)
		LoadAssemblies (213ms)
		RebuildTransferFunctionScriptingTraits (0ms)
		AnalyzeDomain (213ms)
			TypeCache.Refresh (211ms)
				TypeCache.ScanAssembly (193ms)
			ScanForSourceGeneratedMonoScriptInfo (0ms)
			ResolveRequiredComponents (1ms)
	FinalizeReload (945ms)
		ReleaseScriptCaches (0ms)
		RebuildScriptCaches (0ms)
		SetupLoadedEditorAssemblies (860ms)
			LogAssemblyErrors (0ms)
			InitializePlatformSupportModulesInManaged (665ms)
			SetLoadedEditorAssemblies (6ms)
			RefreshPlugins (0ms)
			BeforeProcessingInitializeOnLoad (4ms)
			ProcessInitializeOnLoadAttributes (134ms)
			ProcessInitializeOnLoadMethodAttributes (52ms)
			AfterProcessingInitializeOnLoad (0ms)
			EditorAssembliesLoaded (0ms)
		ExecutionOrderSort2 (0ms)
		AwakeInstancesAfterBackupRestoration (0ms)
========================================================================
Worker process is ready to serve import requests
Begin MonoManager ReloadAssembly
- Loaded All Assemblies, in  1.076 seconds
Refreshing native plugins compatible for Editor in 5.91 ms, found 3 plugins.
Native extension for WindowsStandalone target not found
Native extension for Android target not found
Package Manager log level set to [2]
[Package Manager] Server::EnsureServerProcessIsRunning -- launch failed, reason: Unity was launched with the -noUpm command-line argument
[Package Manager] UpmClient::Send -- Unable to send message (not connected to UPM process).
[Package Manager] Cannot connect to Unity Package Manager local server
Mono: successfully reloaded assembly
- Finished resetting the current domain, in  0.768 seconds
Domain Reload Profiling: 1843ms
	BeginReloadAssembly (164ms)
		ExecutionOrderSort (0ms)
		DisableScriptedObjects (6ms)
		BackupInstance (0ms)
		ReleaseScriptingObjects (0ms)
		CreateAndSetChildDomain (35ms)
	RebuildCommonClasses (35ms)
	RebuildNativeTypeToScriptingClass (11ms)
	initialDomainReloadingComplete (43ms)
	LoadAllAssembliesAndSetupDomain (820ms)
		LoadAssemblies (675ms)
		RebuildTransferFunctionScriptingTraits (0ms)
		AnalyzeDomain (233ms)
			TypeCache.Refresh (204ms)
				TypeCache.ScanAssembly (186ms)
			ScanForSourceGeneratedMonoScriptInfo (19ms)
			ResolveRequiredComponents (9ms)
	FinalizeReload (769ms)
		ReleaseScriptCaches (0ms)
		RebuildScriptCaches (0ms)
		SetupLoadedEditorAssemblies (606ms)
			LogAssemblyErrors (0ms)
			InitializePlatformSupportModulesInManaged (27ms)
			SetLoadedEditorAssemblies (5ms)
			RefreshPlugins (0ms)
			BeforeProcessingInitializeOnLoad (115ms)
			ProcessInitializeOnLoadAttributes (420ms)
			ProcessInitializeOnLoadMethodAttributes (32ms)
			AfterProcessingInitializeOnLoad (6ms)
			EditorAssembliesLoaded (0ms)
		ExecutionOrderSort2 (0ms)
		AwakeInstancesAfterBackupRestoration (6ms)
Launched and connected shader compiler UnityShaderCompiler.exe after 0.09 seconds
Refreshing native plugins compatible for Editor in 4.34 ms, found 3 plugins.
Preloading 0 native plugins for Editor in 0.00 ms.
Unloading 3435 Unused Serialized files (Serialized files now loaded: 0)
Unloading 44 unused Assets / (59.0 KB). Loaded Objects now: 3898.
Memory consumption went from 132.9 MB to 132.9 MB.
Total: 3.576200 ms (FindLiveObjects: 0.443100 ms CreateObjectMapping: 0.168000 ms MarkObjects: 2.826700 ms  DeleteObjects: 0.136300 ms)

AssetImportParameters requested are different than current active one (requested -> active):
  custom:container-demuxer-ogg: 62fdf1f143b41e24485cea50d1cbac27 -> 
  custom:video-decoder-ogg-theora: a1e56fd34408186e4bbccfd4996cb3dc -> 
  custom:framework-win-MediaFoundation: 216162199b28c13a410421893ffa2e32 -> 
  custom:CustomObjectIndexerAttribute: 756ad292c208cfabdd7b50bc23989ffe -> 
  custom:container-demuxer-webm: 4f35f7cbe854078d1ac9338744f61a02 -> 
  custom:container-muxer-webm: aa71ff27fc2769a1b78a27578f13a17b -> 
  custom:video-decoder-webm-vp8: 9c59270c3fd7afecdb556c50c9e8de78 -> 
  custom:SearchIndexIgnoredProperties: e643bd26f0fe6173181afceb89e7c659 -> 
  custom:AudioImporter_EditorPlatform: d09bf68614088b80899f8185d706f6e7 -> 
  custom:video-encoder-webm-vp8: eb34c28f22e8b96e1ab97ce403110664 -> 
  custom:audio-decoder-ogg-vorbis: bf7c407c2cedff20999df2af8eb42d56 -> 
  custom:audio-encoder-webm-vorbis: bf7c407c2cedff20999df2af8eb42d56 -> 
========================================================================
Received Import Request.
  Time since last request: 42276.791202 seconds.
  path: Assets/Plugins/MessagePipe.VContainer/Runtime/ContainerBuilderExtensions.cs
  artifactKey: Guid(c8b1b505a5083524f987a59b06841900) Importer(2089858483,0ecaa5967403d082aa24f35e1b516d23)
Start importing Assets/Plugins/MessagePipe.VContainer/Runtime/ContainerBuilderExtensions.cs using Guid(c8b1b505a5083524f987a59b06841900) Importer(2089858483,0ecaa5967403d082aa24f35e1b516d23) Generated GUIDs only implemented for interfaces!
 -> (artifact id: '4a4a9359e0e88d99ea44079709bc700b') in 0.131643 seconds
Number of updated asset objects reloaded before import = 0
Number of asset objects unloaded after import = 1
========================================================================
Received Import Request.
  Time since last request: 54.190537 seconds.
  path: Assets/Plugins/UniTask/Runtime/Linq/AppendPrepend.cs
  artifactKey: Guid(3268ec424b8055f45aa2a26d17c80468) Importer(2089858483,0ecaa5967403d082aa24f35e1b516d23)
Start importing Assets/Plugins/UniTask/Runtime/Linq/AppendPrepend.cs using Guid(3268ec424b8055f45aa2a26d17c80468) Importer(2089858483,0ecaa5967403d082aa24f35e1b516d23) Generated GUIDs only implemented for interfaces!
 -> (artifact id: 'c8e484ff04cef2f325b337f39a14eae0') in 0.020036 seconds
Number of updated asset objects reloaded before import = 0
Number of asset objects unloaded after import = 1
========================================================================
Received Import Request.
  Time since last request: 0.000045 seconds.
  path: Assets/Plugins/UniTask/Runtime/Internal/UnityEqualityComparer.cs
  artifactKey: Guid(ebaaf14253c9cfb47b23283218ff9b67) Importer(2089858483,0ecaa5967403d082aa24f35e1b516d23)
Start importing Assets/Plugins/UniTask/Runtime/Internal/UnityEqualityComparer.cs using Guid(ebaaf14253c9cfb47b23283218ff9b67) Importer(2089858483,0ecaa5967403d082aa24f35e1b516d23) Generated GUIDs only implemented for interfaces!
 -> (artifact id: '9fcee9fb668e56d0cae970a0f819963d') in 0.024287 seconds
Number of updated asset objects reloaded before import = 0
Number of asset objects unloaded after import = 1
========================================================================
Received Import Request.
  Time since last request: 0.000053 seconds.
  path: Assets/Plugins/UniTask/Runtime/PlayerLoopTimer.cs
  artifactKey: Guid(57095a17fdca7ee4380450910afc7f26) Importer(2089858483,0ecaa5967403d082aa24f35e1b516d23)
Start importing Assets/Plugins/UniTask/Runtime/PlayerLoopTimer.cs using Guid(57095a17fdca7ee4380450910afc7f26) Importer(2089858483,0ecaa5967403d082aa24f35e1b516d23) Generated GUIDs only implemented for interfaces!
 -> (artifact id: '8b45950693b3a3dcfa731d286b1f91ad') in 0.028782 seconds
Number of updated asset objects reloaded before import = 0
Number of asset objects unloaded after import = 1
========================================================================
Received Import Request.
  Time since last request: 0.000049 seconds.
  path: Assets/Plugins/UniTask/Runtime/Linq/Repeat.cs
  artifactKey: Guid(3819a3925165a674d80ee848c8600379) Importer(2089858483,0ecaa5967403d082aa24f35e1b516d23)
Start importing Assets/Plugins/UniTask/Runtime/Linq/Repeat.cs using Guid(3819a3925165a674d80ee848c8600379) Importer(2089858483,0ecaa5967403d082aa24f35e1b516d23) Generated GUIDs only implemented for interfaces!
 -> (artifact id: '4feb196a4e14b9f412c27a66af669cdc') in 0.025471 seconds
Number of updated asset objects reloaded before import = 0
Number of asset objects unloaded after import = 1
========================================================================
Received Import Request.
  Time since last request: 0.000041 seconds.
  path: Assets/Plugins/UniTask/Runtime/Linq/Cast.cs
  artifactKey: Guid(edebeae8b61352b428abe9ce8f3fc71a) Importer(2089858483,0ecaa5967403d082aa24f35e1b516d23)
Start importing Assets/Plugins/UniTask/Runtime/Linq/Cast.cs using Guid(edebeae8b61352b428abe9ce8f3fc71a) Importer(2089858483,0ecaa5967403d082aa24f35e1b516d23) Generated GUIDs only implemented for interfaces!
 -> (artifact id: '7e33cc666f1ea085245d9c80281106c9') in 0.026625 seconds
Number of updated asset objects reloaded before import = 0
Number of asset objects unloaded after import = 1
========================================================================
Received Import Request.
  Time since last request: 0.000045 seconds.
  path: Assets/Plugins/UniTask/Runtime/Linq/Return.cs
  artifactKey: Guid(4313cd8ecf705e44f9064ce46e293c2c) Importer(2089858483,0ecaa5967403d082aa24f35e1b516d23)
Start importing Assets/Plugins/UniTask/Runtime/Linq/Return.cs using Guid(4313cd8ecf705e44f9064ce46e293c2c) Importer(2089858483,0ecaa5967403d082aa24f35e1b516d23) Generated GUIDs only implemented for interfaces!
 -> (artifact id: '9844f2b99aef9890a8cc99e1ea7ce9ba') in 0.025324 seconds
Number of updated asset objects reloaded before import = 0
Number of asset objects unloaded after import = 1
========================================================================
Received Import Request.
  Time since last request: 0.000046 seconds.
  path: Assets/Plugins/UniTask/Runtime/Linq/AsUniTaskAsyncEnumerable.cs
  artifactKey: Guid(69866e262589ea643bbc62a1d696077a) Importer(2089858483,0ecaa5967403d082aa24f35e1b516d23)
Start importing Assets/Plugins/UniTask/Runtime/Linq/AsUniTaskAsyncEnumerable.cs using Guid(69866e262589ea643bbc62a1d696077a) Importer(2089858483,0ecaa5967403d082aa24f35e1b516d23) Generated GUIDs only implemented for interfaces!
 -> (artifact id: 'b907c315c6c2f626f352bd04adc08afd') in 0.028966 seconds
Number of updated asset objects reloaded before import = 0
Number of asset objects unloaded after import = 1
========================================================================
Received Import Request.
  Time since last request: 0.000064 seconds.
  path: Assets/Plugins/UniTask/Runtime/TriggerEvent.cs
  artifactKey: Guid(f68b22bb8f66f5c4885f9bd3c4fc43ed) Importer(2089858483,0ecaa5967403d082aa24f35e1b516d23)
Start importing Assets/Plugins/UniTask/Runtime/TriggerEvent.cs using Guid(f68b22bb8f66f5c4885f9bd3c4fc43ed) Importer(2089858483,0ecaa5967403d082aa24f35e1b516d23) Generated GUIDs only implemented for interfaces!
 -> (artifact id: 'f0d23df6336d4a82024be45f1dfcac82') in 0.022915 seconds
Number of updated asset objects reloaded before import = 0
Number of asset objects unloaded after import = 1
========================================================================
Received Import Request.
  Time since last request: 0.000032 seconds.
  path: Assets/Plugins/UniTask/Runtime/Linq/UnityExtensions/EveryValueChanged.cs
  artifactKey: Guid(1ec39f1c41c305344854782c935ad354) Importer(2089858483,0ecaa5967403d082aa24f35e1b516d23)
Start importing Assets/Plugins/UniTask/Runtime/Linq/UnityExtensions/EveryValueChanged.cs using Guid(1ec39f1c41c305344854782c935ad354) Importer(2089858483,0ecaa5967403d082aa24f35e1b516d23) Generated GUIDs only implemented for interfaces!
 -> (artifact id: 'a69439a0353bf77aa0e8aa1fcf0cdd0c') in 0.034800 seconds
Number of updated asset objects reloaded before import = 0
Number of asset objects unloaded after import = 1
========================================================================
Received Import Request.
  Time since last request: 0.000106 seconds.
  path: Assets/Plugins/UniTask/Runtime/Linq/SkipWhile.cs
  artifactKey: Guid(0b74b9fe361bf7148b51a29c8b2561e8) Importer(2089858483,0ecaa5967403d082aa24f35e1b516d23)
Start importing Assets/Plugins/UniTask/Runtime/Linq/SkipWhile.cs using Guid(0b74b9fe361bf7148b51a29c8b2561e8) Importer(2089858483,0ecaa5967403d082aa24f35e1b516d23) Generated GUIDs only implemented for interfaces!
 -> (artifact id: 'fa41175a17c160a02d98ad0839603bae') in 0.026520 seconds
Number of updated asset objects reloaded before import = 0
Number of asset objects unloaded after import = 1
========================================================================
Received Import Request.
  Time since last request: 0.000066 seconds.
  path: Assets/Plugins/UniTask/Runtime/External/TextMeshPro/UniTask.TextMeshPro.asmdef
  artifactKey: Guid(dc47925d1a5fa2946bdd37746b2b5d48) Importer(2089858483,0ecaa5967403d082aa24f35e1b516d23)
Start importing Assets/Plugins/UniTask/Runtime/External/TextMeshPro/UniTask.TextMeshPro.asmdef using Guid(dc47925d1a5fa2946bdd37746b2b5d48) Importer(2089858483,0ecaa5967403d082aa24f35e1b516d23) Generated GUIDs only implemented for interfaces!
 -> (artifact id: '94b2058baef8bb83d0f023a81dc37478') in 0.026822 seconds
Number of updated asset objects reloaded before import = 0
Number of asset objects unloaded after import = 1
========================================================================
Received Import Request.
  Time since last request: 0.000054 seconds.
  path: Assets/Plugins/UniTask/Runtime/Triggers/AsyncStartTrigger.cs
  artifactKey: Guid(b4fd0f75e54ec3d4fbcb7fc65b11646b) Importer(2089858483,0ecaa5967403d082aa24f35e1b516d23)
Start importing Assets/Plugins/UniTask/Runtime/Triggers/AsyncStartTrigger.cs using Guid(b4fd0f75e54ec3d4fbcb7fc65b11646b) Importer(2089858483,0ecaa5967403d082aa24f35e1b516d23) Generated GUIDs only implemented for interfaces!
 -> (artifact id: 'a51df8a960221a86ec785c112a201e12') in 0.026321 seconds
Number of updated asset objects reloaded before import = 0
Number of asset objects unloaded after import = 1
========================================================================
Received Import Request.
  Time since last request: 0.000105 seconds.
  path: Assets/Plugins/UniTask/Runtime/Linq/ElementAt.cs
  artifactKey: Guid(c835bd2dd8555234c8919c7b8ef3b69a) Importer(2089858483,0ecaa5967403d082aa24f35e1b516d23)
Start importing Assets/Plugins/UniTask/Runtime/Linq/ElementAt.cs using Guid(c835bd2dd8555234c8919c7b8ef3b69a) Importer(2089858483,0ecaa5967403d082aa24f35e1b516d23) Generated GUIDs only implemented for interfaces!
 -> (artifact id: 'c8a97279cfc2abec60a18fbffe36afb8') in 0.024538 seconds
Number of updated asset objects reloaded before import = 0
Number of asset objects unloaded after import = 1
========================================================================
Received Import Request.
  Time since last request: 0.000030 seconds.
  path: Assets/Plugins/UniTask/Runtime/UniTaskExtensions.cs
  artifactKey: Guid(05460c617dae1e440861a7438535389f) Importer(2089858483,0ecaa5967403d082aa24f35e1b516d23)
Start importing Assets/Plugins/UniTask/Runtime/UniTaskExtensions.cs using Guid(05460c617dae1e440861a7438535389f) Importer(2089858483,0ecaa5967403d082aa24f35e1b516d23) Generated GUIDs only implemented for interfaces!
 -> (artifact id: '66f9e20f0bbc0fafe405d88828044b68') in 0.024562 seconds
Number of updated asset objects reloaded before import = 0
Number of asset objects unloaded after import = 1
========================================================================
Received Import Request.
  Time since last request: 0.000046 seconds.
  path: Assets/Plugins/UniTask/Runtime/Internal/StatePool.cs
  artifactKey: Guid(60cdf0bcaea36b444a7ae7263ae7598f) Importer(2089858483,0ecaa5967403d082aa24f35e1b516d23)
Start importing Assets/Plugins/UniTask/Runtime/Internal/StatePool.cs using Guid(60cdf0bcaea36b444a7ae7263ae7598f) Importer(2089858483,0ecaa5967403d082aa24f35e1b516d23) Generated GUIDs only implemented for interfaces!
 -> (artifact id: '8785cb9ceb2df92a0f128f30da5a902e') in 0.029441 seconds
Number of updated asset objects reloaded before import = 0
Number of asset objects unloaded after import = 1
========================================================================
Received Import Request.
  Time since last request: 0.000052 seconds.
  path: Assets/Plugins/UniTask/Runtime/Linq/Where.cs
  artifactKey: Guid(d882a3238d9535e4e8ce1ad3291eb7fb) Importer(2089858483,0ecaa5967403d082aa24f35e1b516d23)
Start importing Assets/Plugins/UniTask/Runtime/Linq/Where.cs using Guid(d882a3238d9535e4e8ce1ad3291eb7fb) Importer(2089858483,0ecaa5967403d082aa24f35e1b516d23) Generated GUIDs only implemented for interfaces!
 -> (artifact id: '8bb346b32c40d9a6f7a30d8b3340fcb1') in 0.027937 seconds
Number of updated asset objects reloaded before import = 0
Number of asset objects unloaded after import = 1
========================================================================
Received Import Request.
  Time since last request: 0.000057 seconds.
  path: Assets/Plugins/UniTask/Runtime/UnityWebRequestException.cs
  artifactKey: Guid(013a499e522703a42962a779b4d9850c) Importer(2089858483,0ecaa5967403d082aa24f35e1b516d23)
Start importing Assets/Plugins/UniTask/Runtime/UnityWebRequestException.cs using Guid(013a499e522703a42962a779b4d9850c) Importer(2089858483,0ecaa5967403d082aa24f35e1b516d23) Generated GUIDs only implemented for interfaces!
 -> (artifact id: '3f69b9599bf951249656320ed80ef9a0') in 0.029736 seconds
Number of updated asset objects reloaded before import = 0
Number of asset objects unloaded after import = 1
========================================================================
Received Import Request.
  Time since last request: 0.000055 seconds.
  path: Assets/Plugins/UniTask/Runtime/External/DOTween/UniTask.DOTween.asmdef
  artifactKey: Guid(029c1c1b674aaae47a6841a0b89ad80e) Importer(2089858483,0ecaa5967403d082aa24f35e1b516d23)
Start importing Assets/Plugins/UniTask/Runtime/External/DOTween/UniTask.DOTween.asmdef using Guid(029c1c1b674aaae47a6841a0b89ad80e) Importer(2089858483,0ecaa5967403d082aa24f35e1b516d23) Generated GUIDs only implemented for interfaces!
 -> (artifact id: 'a3650ae7b6a663c3778250d233c21e56') in 0.024778 seconds
Number of updated asset objects reloaded before import = 0
Number of asset objects unloaded after import = 1
========================================================================
Received Import Request.
  Time since last request: 0.000044 seconds.
  path: Assets/Plugins/UniTask/Runtime/Internal/ArrayPoolUtil.cs
  artifactKey: Guid(424cc208fb61d4e448b08fcfa0eee25e) Importer(2089858483,0ecaa5967403d082aa24f35e1b516d23)
Start importing Assets/Plugins/UniTask/Runtime/Internal/ArrayPoolUtil.cs using Guid(424cc208fb61d4e448b08fcfa0eee25e) Importer(2089858483,0ecaa5967403d082aa24f35e1b516d23) Generated GUIDs only implemented for interfaces!
 -> (artifact id: '1dd56ecb985563ea7fb54fb3a373ca48') in 0.025036 seconds
Number of updated asset objects reloaded before import = 0
Number of asset objects unloaded after import = 1
========================================================================
Received Import Request.
  Time since last request: 0.000043 seconds.
  path: Assets/Plugins/UniTask/Runtime/UnityAsyncExtensions.AssetBundleRequestAllAssets.cs
  artifactKey: Guid(e9147caba40da434da95b39709c13784) Importer(2089858483,0ecaa5967403d082aa24f35e1b516d23)
Start importing Assets/Plugins/UniTask/Runtime/UnityAsyncExtensions.AssetBundleRequestAllAssets.cs using Guid(e9147caba40da434da95b39709c13784) Importer(2089858483,0ecaa5967403d082aa24f35e1b516d23) Generated GUIDs only implemented for interfaces!
 -> (artifact id: '615de1c05fa248d560e7bd625893b4fc') in 0.027407 seconds
Number of updated asset objects reloaded before import = 0
Number of asset objects unloaded after import = 1
========================================================================
Received Import Request.
  Time since last request: 0.000040 seconds.
  path: Assets/Plugins/UniTask/Runtime/UniTask.asmdef
  artifactKey: Guid(f51ebe6a0ceec4240a699833d6309b23) Importer(2089858483,0ecaa5967403d082aa24f35e1b516d23)
Start importing Assets/Plugins/UniTask/Runtime/UniTask.asmdef using Guid(f51ebe6a0ceec4240a699833d6309b23) Importer(2089858483,0ecaa5967403d082aa24f35e1b516d23) Generated GUIDs only implemented for interfaces!
 -> (artifact id: '339c0cc7714112885a556c73e2671ad3') in 0.024411 seconds
Number of updated asset objects reloaded before import = 0
Number of asset objects unloaded after import = 1
========================================================================
Received Import Request.
  Time since last request: 0.000043 seconds.
  path: Assets/Plugins/UniTask/Editor/SplitterGUILayout.cs
  artifactKey: Guid(40ef2e46f900131419e869398a8d3c9d) Importer(2089858483,0ecaa5967403d082aa24f35e1b516d23)
Start importing Assets/Plugins/UniTask/Editor/SplitterGUILayout.cs using Guid(40ef2e46f900131419e869398a8d3c9d) Importer(2089858483,0ecaa5967403d082aa24f35e1b516d23) Generated GUIDs only implemented for interfaces!
 -> (artifact id: 'bcede6a2387455d0566bdf06a15cd651') in 0.026706 seconds
Number of updated asset objects reloaded before import = 0
Number of asset objects unloaded after import = 1
========================================================================
Received Import Request.
  Time since last request: 0.000054 seconds.
  path: Assets/Plugins/UniTask/Runtime/UniTask.WhenAny.cs
  artifactKey: Guid(c32578978c37eaf41bdd90e1b034637d) Importer(2089858483,0ecaa5967403d082aa24f35e1b516d23)
Start importing Assets/Plugins/UniTask/Runtime/UniTask.WhenAny.cs using Guid(c32578978c37eaf41bdd90e1b034637d) Importer(2089858483,0ecaa5967403d082aa24f35e1b516d23) Generated GUIDs only implemented for interfaces!
 -> (artifact id: '3ed99c50de4c7d7a8a0743af148b7eb0') in 0.026534 seconds
Number of updated asset objects reloaded before import = 0
Number of asset objects unloaded after import = 1
========================================================================
Received Import Request.
  Time since last request: 0.000041 seconds.
  path: Assets/Plugins/UniTask/Runtime/External/DOTween/DOTweenAsyncExtensions.cs
  artifactKey: Guid(1f448d5bc5b232e4f98d89d5d1832e8e) Importer(2089858483,0ecaa5967403d082aa24f35e1b516d23)
Start importing Assets/Plugins/UniTask/Runtime/External/DOTween/DOTweenAsyncExtensions.cs using Guid(1f448d5bc5b232e4f98d89d5d1832e8e) Importer(2089858483,0ecaa5967403d082aa24f35e1b516d23) Generated GUIDs only implemented for interfaces!
 -> (artifact id: '45905d6774f6ce85c563cd9cd09fb2f9') in 0.025353 seconds
Number of updated asset objects reloaded before import = 0
Number of asset objects unloaded after import = 1
========================================================================
Received Import Request.
  Time since last request: 0.000049 seconds.
  path: Assets/Plugins/UniTask/Runtime/Linq/SelectMany.cs
  artifactKey: Guid(d81862f0eb12680479ccaaf2ac319d24) Importer(2089858483,0ecaa5967403d082aa24f35e1b516d23)
Start importing Assets/Plugins/UniTask/Runtime/Linq/SelectMany.cs using Guid(d81862f0eb12680479ccaaf2ac319d24) Importer(2089858483,0ecaa5967403d082aa24f35e1b516d23) Generated GUIDs only implemented for interfaces!
 -> (artifact id: '5a8ab3363db453e30d5bc3df4dafed7b') in 0.030110 seconds
Number of updated asset objects reloaded before import = 0
Number of asset objects unloaded after import = 1
========================================================================
Received Import Request.
  Time since last request: 0.000051 seconds.
  path: Assets/Plugins/UniTask/Runtime/UniTask.Run.cs
  artifactKey: Guid(8473162fc285a5f44bcca90f7da073e7) Importer(2089858483,0ecaa5967403d082aa24f35e1b516d23)
Start importing Assets/Plugins/UniTask/Runtime/UniTask.Run.cs using Guid(8473162fc285a5f44bcca90f7da073e7) Importer(2089858483,0ecaa5967403d082aa24f35e1b516d23) Generated GUIDs only implemented for interfaces!
 -> (artifact id: 'a6a573e81dace3a066ee83a031eb6346') in 0.027020 seconds
Number of updated asset objects reloaded before import = 0
Number of asset objects unloaded after import = 1
========================================================================
Received Import Request.
  Time since last request: 0.000036 seconds.
  path: Assets/Plugins/UniTask/Runtime/Linq/Skip.cs
  artifactKey: Guid(9c46b6c7dce0cb049a73c81084c75154) Importer(2089858483,0ecaa5967403d082aa24f35e1b516d23)
Start importing Assets/Plugins/UniTask/Runtime/Linq/Skip.cs using Guid(9c46b6c7dce0cb049a73c81084c75154) Importer(2089858483,0ecaa5967403d082aa24f35e1b516d23) Generated GUIDs only implemented for interfaces!
 -> (artifact id: '43d1462520d0d6a65ece417b8433094f') in 0.027925 seconds
Number of updated asset objects reloaded before import = 0
Number of asset objects unloaded after import = 1
========================================================================
Received Import Request.
  Time since last request: 0.000030 seconds.
  path: Assets/Plugins/UniTask/Runtime/Linq/Intersect.cs
  artifactKey: Guid(93999a70f5d57134bbe971f3e988c4f2) Importer(2089858483,0ecaa5967403d082aa24f35e1b516d23)
Start importing Assets/Plugins/UniTask/Runtime/Linq/Intersect.cs using Guid(93999a70f5d57134bbe971f3e988c4f2) Importer(2089858483,0ecaa5967403d082aa24f35e1b516d23) Generated GUIDs only implemented for interfaces!
 -> (artifact id: '1ae6d5b21e0229b38787f8ef0a6be65f') in 0.028069 seconds
Number of updated asset objects reloaded before import = 0
Number of asset objects unloaded after import = 1
========================================================================
Received Import Request.
  Time since last request: 0.000112 seconds.
  path: Assets/Plugins/UniTask/Runtime/PlayerLoopHelper.cs
  artifactKey: Guid(15fb5b85042f19640b973ce651795aca) Importer(2089858483,0ecaa5967403d082aa24f35e1b516d23)
Start importing Assets/Plugins/UniTask/Runtime/PlayerLoopHelper.cs using Guid(15fb5b85042f19640b973ce651795aca) Importer(2089858483,0ecaa5967403d082aa24f35e1b516d23) Generated GUIDs only implemented for interfaces!
 -> (artifact id: '722dcde27bf8f4ba3ab4e825741b6754') in 0.025523 seconds
Number of updated asset objects reloaded before import = 0
Number of asset objects unloaded after import = 1
========================================================================
Received Import Request.
  Time since last request: 0.000035 seconds.
  path: Assets/Plugins/UniTask/Runtime/Triggers/AsyncDestroyTrigger.cs
  artifactKey: Guid(f4afdcb1cbadf954ba8b1cf465429e17) Importer(2089858483,0ecaa5967403d082aa24f35e1b516d23)
Start importing Assets/Plugins/UniTask/Runtime/Triggers/AsyncDestroyTrigger.cs using Guid(f4afdcb1cbadf954ba8b1cf465429e17) Importer(2089858483,0ecaa5967403d082aa24f35e1b516d23) Generated GUIDs only implemented for interfaces!
 -> (artifact id: 'b5aca632a5ca371a12e49385b299055b') in 0.027490 seconds
Number of updated asset objects reloaded before import = 0
Number of asset objects unloaded after import = 1
========================================================================
Received Import Request.
  Time since last request: 0.000042 seconds.
  path: Assets/Plugins/UniTask/Runtime/EnumeratorAsyncExtensions.cs
  artifactKey: Guid(bc661232f11e4a741af54ba1c175d5ee) Importer(2089858483,0ecaa5967403d082aa24f35e1b516d23)
Start importing Assets/Plugins/UniTask/Runtime/EnumeratorAsyncExtensions.cs using Guid(bc661232f11e4a741af54ba1c175d5ee) Importer(2089858483,0ecaa5967403d082aa24f35e1b516d23) Generated GUIDs only implemented for interfaces!
 -> (artifact id: '651253cff7ee31d4ce969848b534b18e') in 0.032325 seconds
Number of updated asset objects reloaded before import = 0
Number of asset objects unloaded after import = 1
========================================================================
Received Import Request.
  Time since last request: 0.000251 seconds.
  path: Assets/Plugins/UniTask/Runtime/CancellationTokenEqualityComparer.cs
  artifactKey: Guid(7d739f510b125b74fa7290ac4335e46e) Importer(2089858483,0ecaa5967403d082aa24f35e1b516d23)
Start importing Assets/Plugins/UniTask/Runtime/CancellationTokenEqualityComparer.cs using Guid(7d739f510b125b74fa7290ac4335e46e) Importer(2089858483,0ecaa5967403d082aa24f35e1b516d23) Generated GUIDs only implemented for interfaces!
 -> (artifact id: '2ed2bcfcb3f1e335791fe4cdb679c701') in 0.037090 seconds
Number of updated asset objects reloaded before import = 0
Number of asset objects unloaded after import = 1
========================================================================
Received Import Request.
  Time since last request: 0.000090 seconds.
  path: Assets/Plugins/UniTask/Runtime/UniTask.Threading.cs
  artifactKey: Guid(4132ea600454134439fa2c7eb931b5e6) Importer(2089858483,0ecaa5967403d082aa24f35e1b516d23)
Start importing Assets/Plugins/UniTask/Runtime/UniTask.Threading.cs using Guid(4132ea600454134439fa2c7eb931b5e6) Importer(2089858483,0ecaa5967403d082aa24f35e1b516d23) Generated GUIDs only implemented for interfaces!
 -> (artifact id: 'f287624f72b8bc084a6f0723c0d79f33') in 0.027096 seconds
Number of updated asset objects reloaded before import = 0
Number of asset objects unloaded after import = 1
========================================================================
Received Import Request.
  Time since last request: 0.000085 seconds.
  path: Assets/Plugins/UniTask/Runtime/External/Addressables/AddressablesAsyncExtensions.cs
  artifactKey: Guid(3dc6441f9094f354b931dc3c79fb99e5) Importer(2089858483,0ecaa5967403d082aa24f35e1b516d23)
Start importing Assets/Plugins/UniTask/Runtime/External/Addressables/AddressablesAsyncExtensions.cs using Guid(3dc6441f9094f354b931dc3c79fb99e5) Importer(2089858483,0ecaa5967403d082aa24f35e1b516d23) Generated GUIDs only implemented for interfaces!
 -> (artifact id: '4313977971e533bec859ace377337633') in 0.026001 seconds
Number of updated asset objects reloaded before import = 0
Number of asset objects unloaded after import = 1
========================================================================
Received Import Request.
  Time since last request: 0.000095 seconds.
  path: Assets/Plugins/UniTask/Runtime/Linq/Max.cs
  artifactKey: Guid(5c8a118a6b664c441820b8a87d7f6e28) Importer(2089858483,0ecaa5967403d082aa24f35e1b516d23)
Start importing Assets/Plugins/UniTask/Runtime/Linq/Max.cs using Guid(5c8a118a6b664c441820b8a87d7f6e28) Importer(2089858483,0ecaa5967403d082aa24f35e1b516d23) Generated GUIDs only implemented for interfaces!
 -> (artifact id: '9178f7a11e38bdce78346699241e7d4e') in 0.025205 seconds
Number of updated asset objects reloaded before import = 0
Number of asset objects unloaded after import = 1
========================================================================
Received Import Request.
  Time since last request: 0.000044 seconds.
  path: Assets/Plugins/UniTask/Runtime/UniTaskObservableExtensions.cs
  artifactKey: Guid(eaea262a5ad393d419c15b3b2901d664) Importer(2089858483,0ecaa5967403d082aa24f35e1b516d23)
Start importing Assets/Plugins/UniTask/Runtime/UniTaskObservableExtensions.cs using Guid(eaea262a5ad393d419c15b3b2901d664) Importer(2089858483,0ecaa5967403d082aa24f35e1b516d23) Generated GUIDs only implemented for interfaces!
 -> (artifact id: 'a0b5d61de69b8867a240b1d05efb2f31') in 0.032313 seconds
Number of updated asset objects reloaded before import = 0
Number of asset objects unloaded after import = 1
========================================================================
Received Import Request.
  Time since last request: 0.000115 seconds.
  path: Assets/Plugins/UniTask/Runtime/Linq/GroupBy.cs
  artifactKey: Guid(a2de80df1cc8a1240ab0ee7badd334d0) Importer(2089858483,0ecaa5967403d082aa24f35e1b516d23)
Start importing Assets/Plugins/UniTask/Runtime/Linq/GroupBy.cs using Guid(a2de80df1cc8a1240ab0ee7badd334d0) Importer(2089858483,0ecaa5967403d082aa24f35e1b516d23) Generated GUIDs only implemented for interfaces!
 -> (artifact id: 'b307b09c4b90f4b912ee757c9990f6dd') in 0.024996 seconds
Number of updated asset objects reloaded before import = 0
Number of asset objects unloaded after import = 1
========================================================================
Received Import Request.
  Time since last request: 0.000043 seconds.
  path: Assets/Plugins/UniTask/Runtime/Linq/TakeWhile.cs
  artifactKey: Guid(bca55adabcc4b3141b50b8b09634f764) Importer(2089858483,0ecaa5967403d082aa24f35e1b516d23)
Start importing Assets/Plugins/UniTask/Runtime/Linq/TakeWhile.cs using Guid(bca55adabcc4b3141b50b8b09634f764) Importer(2089858483,0ecaa5967403d082aa24f35e1b516d23) Generated GUIDs only implemented for interfaces!
 -> (artifact id: '63fee39ec21c546a3eb8b0e837b734bd') in 0.032731 seconds
Number of updated asset objects reloaded before import = 0
Number of asset objects unloaded after import = 1
========================================================================
Received Import Request.
  Time since last request: 0.000047 seconds.
  path: Assets/Plugins/UniTask/Runtime/UniTask.Delay.cs
  artifactKey: Guid(ecff7972251de0848b2c0fa89bbd3489) Importer(2089858483,0ecaa5967403d082aa24f35e1b516d23)
Start importing Assets/Plugins/UniTask/Runtime/UniTask.Delay.cs using Guid(ecff7972251de0848b2c0fa89bbd3489) Importer(2089858483,0ecaa5967403d082aa24f35e1b516d23) Generated GUIDs only implemented for interfaces!
 -> (artifact id: 'e691ad82ec9d800795f479ba2184d93e') in 0.025154 seconds
Number of updated asset objects reloaded before import = 0
Number of asset objects unloaded after import = 1
========================================================================
Received Import Request.
  Time since last request: 0.000070 seconds.
  path: Assets/Plugins/UniTask/Runtime/Linq/SkipUntilCanceled.cs
  artifactKey: Guid(4b1a778aef7150d47b93a49aa1bc34ae) Importer(2089858483,0ecaa5967403d082aa24f35e1b516d23)
Start importing Assets/Plugins/UniTask/Runtime/Linq/SkipUntilCanceled.cs using Guid(4b1a778aef7150d47b93a49aa1bc34ae) Importer(2089858483,0ecaa5967403d082aa24f35e1b516d23) Generated GUIDs only implemented for interfaces!
 -> (artifact id: '7f24f45cd49c294e017b09780cd74002') in 0.025656 seconds
Number of updated asset objects reloaded before import = 0
Number of asset objects unloaded after import = 1
========================================================================
Received Import Request.
  Time since last request: 0.000119 seconds.
  path: Assets/Plugins/UniTask/Runtime/CompilerServices/AsyncMethodBuilderAttribute.cs
  artifactKey: Guid(02ce354d37b10454e8376062f7cbe57a) Importer(2089858483,0ecaa5967403d082aa24f35e1b516d23)
Start importing Assets/Plugins/UniTask/Runtime/CompilerServices/AsyncMethodBuilderAttribute.cs using Guid(02ce354d37b10454e8376062f7cbe57a) Importer(2089858483,0ecaa5967403d082aa24f35e1b516d23) Generated GUIDs only implemented for interfaces!
 -> (artifact id: '441729ad34f5de6ed958321fe2cc73e8') in 0.033344 seconds
Number of updated asset objects reloaded before import = 0
Number of asset objects unloaded after import = 1
========================================================================
Received Import Request.
  Time since last request: 0.000083 seconds.
  path: Assets/Plugins/UniTask/Runtime/Linq/Create.cs
  artifactKey: Guid(0202f723469f93945afa063bfb440d15) Importer(2089858483,0ecaa5967403d082aa24f35e1b516d23)
Start importing Assets/Plugins/UniTask/Runtime/Linq/Create.cs using Guid(0202f723469f93945afa063bfb440d15) Importer(2089858483,0ecaa5967403d082aa24f35e1b516d23) Generated GUIDs only implemented for interfaces!
 -> (artifact id: 'f3074412dbbd8029259ff164e05207c1') in 0.026988 seconds
Number of updated asset objects reloaded before import = 0
Number of asset objects unloaded after import = 1
========================================================================
Received Import Request.
  Time since last request: 0.000031 seconds.
  path: Assets/Plugins/UniTask/Runtime/Linq/ToArray.cs
  artifactKey: Guid(debb010bbb1622e43b94fe70ec0133dd) Importer(2089858483,0ecaa5967403d082aa24f35e1b516d23)
Start importing Assets/Plugins/UniTask/Runtime/Linq/ToArray.cs using Guid(debb010bbb1622e43b94fe70ec0133dd) Importer(2089858483,0ecaa5967403d082aa24f35e1b516d23) Generated GUIDs only implemented for interfaces!
 -> (artifact id: '30014edaa7c3de2e6c8e6bfb4f5fbd26') in 0.030440 seconds
Number of updated asset objects reloaded before import = 0
Number of asset objects unloaded after import = 1
========================================================================
Received Import Request.
  Time since last request: 0.000090 seconds.
  path: Assets/Plugins/UniTask/Runtime/Linq/Queue.cs
  artifactKey: Guid(b7ea1bcf9dbebb042bc99c7816249e02) Importer(2089858483,0ecaa5967403d082aa24f35e1b516d23)
Start importing Assets/Plugins/UniTask/Runtime/Linq/Queue.cs using Guid(b7ea1bcf9dbebb042bc99c7816249e02) Importer(2089858483,0ecaa5967403d082aa24f35e1b516d23) Generated GUIDs only implemented for interfaces!
 -> (artifact id: '6e7c5e5b931232ff86a2ee97a0f40753') in 0.029958 seconds
Number of updated asset objects reloaded before import = 0
Number of asset objects unloaded after import = 1
========================================================================
Received Import Request.
  Time since last request: 0.000046 seconds.
  path: Assets/Plugins/UniTask/Runtime/Linq/Throw.cs
  artifactKey: Guid(9d05a7d4f4161e549b4789e1022baae8) Importer(2089858483,0ecaa5967403d082aa24f35e1b516d23)
Start importing Assets/Plugins/UniTask/Runtime/Linq/Throw.cs using Guid(9d05a7d4f4161e549b4789e1022baae8) Importer(2089858483,0ecaa5967403d082aa24f35e1b516d23) Generated GUIDs only implemented for interfaces!
 -> (artifact id: '26a9c1d281268b44fd0ed4bd58eb08ca') in 0.025694 seconds
Number of updated asset objects reloaded before import = 0
Number of asset objects unloaded after import = 1
========================================================================
Received Import Request.
  Time since last request: 0.000074 seconds.
  path: Assets/Plugins/UniTask/Runtime/Linq/First.cs
  artifactKey: Guid(417946e97e9eed84db6f840f57037ca6) Importer(2089858483,0ecaa5967403d082aa24f35e1b516d23)
Start importing Assets/Plugins/UniTask/Runtime/Linq/First.cs using Guid(417946e97e9eed84db6f840f57037ca6) Importer(2089858483,0ecaa5967403d082aa24f35e1b516d23) Generated GUIDs only implemented for interfaces!
 -> (artifact id: '0efebf470cfbc6e40e8aa495eb39a89a') in 0.027521 seconds
Number of updated asset objects reloaded before import = 0
Number of asset objects unloaded after import = 1
========================================================================
Received Import Request.
  Time since last request: 0.000088 seconds.
  path: Assets/Plugins/UniTask/Runtime/CompilerServices/StateMachineRunner.cs
  artifactKey: Guid(98649642833cabf44a9dc060ce4c84a1) Importer(2089858483,0ecaa5967403d082aa24f35e1b516d23)
Start importing Assets/Plugins/UniTask/Runtime/CompilerServices/StateMachineRunner.cs using Guid(98649642833cabf44a9dc060ce4c84a1) Importer(2089858483,0ecaa5967403d082aa24f35e1b516d23) Generated GUIDs only implemented for interfaces!
 -> (artifact id: '9e5f19f1c8a04d45f8eb4de6b02af5bd') in 0.026699 seconds
Number of updated asset objects reloaded before import = 0
Number of asset objects unloaded after import = 1
========================================================================
Received Import Request.
  Time since last request: 0.000047 seconds.
  path: Assets/Plugins/UniTask/Runtime/UnityAsyncExtensions.uGUI.cs
  artifactKey: Guid(6804799fba2376d4099561d176101aff) Importer(2089858483,0ecaa5967403d082aa24f35e1b516d23)
Start importing Assets/Plugins/UniTask/Runtime/UnityAsyncExtensions.uGUI.cs using Guid(6804799fba2376d4099561d176101aff) Importer(2089858483,0ecaa5967403d082aa24f35e1b516d23) Generated GUIDs only implemented for interfaces!
 -> (artifact id: 'df45f8c0e9de4594714e9eebe2cef73f') in 0.026758 seconds
Number of updated asset objects reloaded before import = 0
Number of asset objects unloaded after import = 1
========================================================================
Received Import Request.
  Time since last request: 0.000035 seconds.
  path: Assets/Plugins/UniTask/Runtime/UniTaskExtensions.Shorthand.cs
  artifactKey: Guid(4b4ff020f73dc6d4b8ebd4760d61fb43) Importer(2089858483,0ecaa5967403d082aa24f35e1b516d23)
Start importing Assets/Plugins/UniTask/Runtime/UniTaskExtensions.Shorthand.cs using Guid(4b4ff020f73dc6d4b8ebd4760d61fb43) Importer(2089858483,0ecaa5967403d082aa24f35e1b516d23) Generated GUIDs only implemented for interfaces!
 -> (artifact id: 'f5cdc27fa692685a31836a8004e37058') in 0.025508 seconds
Number of updated asset objects reloaded before import = 0
Number of asset objects unloaded after import = 1
========================================================================
Received Import Request.
  Time since last request: 0.000054 seconds.
  path: Assets/Plugins/UniTask/Runtime/Internal/WeakDictionary.cs
  artifactKey: Guid(6c78563864409714593226af59bcb6f3) Importer(2089858483,0ecaa5967403d082aa24f35e1b516d23)
Start importing Assets/Plugins/UniTask/Runtime/Internal/WeakDictionary.cs using Guid(6c78563864409714593226af59bcb6f3) Importer(2089858483,0ecaa5967403d082aa24f35e1b516d23) Generated GUIDs only implemented for interfaces!
 -> (artifact id: '8218fcfb0af00dace956a12e24a12662') in 0.026104 seconds
Number of updated asset objects reloaded before import = 0
Number of asset objects unloaded after import = 1
========================================================================
Received Import Request.
  Time since last request: 0.000027 seconds.
  path: Assets/Plugins/UniTask/Runtime/Linq/CombineLatest.cs
  artifactKey: Guid(6cb07f6e88287e34d9b9301a572284a5) Importer(2089858483,0ecaa5967403d082aa24f35e1b516d23)
Start importing Assets/Plugins/UniTask/Runtime/Linq/CombineLatest.cs using Guid(6cb07f6e88287e34d9b9301a572284a5) Importer(2089858483,0ecaa5967403d082aa24f35e1b516d23) Generated GUIDs only implemented for interfaces!
 -> (artifact id: 'acd2743427106fe35beb0bd009a3b892') in 0.027058 seconds
Number of updated asset objects reloaded before import = 0
Number of asset objects unloaded after import = 1
========================================================================
Received Import Request.
  Time since last request: 0.000042 seconds.
  path: Assets/Plugins/UniTask/Runtime/Linq/Buffer.cs
  artifactKey: Guid(951310243334a3148a7872977cb31c5c) Importer(2089858483,0ecaa5967403d082aa24f35e1b516d23)
Start importing Assets/Plugins/UniTask/Runtime/Linq/Buffer.cs using Guid(951310243334a3148a7872977cb31c5c) Importer(2089858483,0ecaa5967403d082aa24f35e1b516d23) Generated GUIDs only implemented for interfaces!
 -> (artifact id: '929a3f2f6c27128ec37d6e69e325fd23') in 0.028740 seconds
Number of updated asset objects reloaded before import = 0
Number of asset objects unloaded after import = 1
========================================================================
Received Import Request.
  Time since last request: 0.000034 seconds.
  path: Assets/Plugins/UniTask/Runtime/EnumerableAsyncExtensions.cs
  artifactKey: Guid(ff50260d74bd54c4b92cf99895549445) Importer(2089858483,0ecaa5967403d082aa24f35e1b516d23)
Start importing Assets/Plugins/UniTask/Runtime/EnumerableAsyncExtensions.cs using Guid(ff50260d74bd54c4b92cf99895549445) Importer(2089858483,0ecaa5967403d082aa24f35e1b516d23) Generated GUIDs only implemented for interfaces!
 -> (artifact id: '164dd652c803520143da31b340a557d6') in 0.025060 seconds
Number of updated asset objects reloaded before import = 0
Number of asset objects unloaded after import = 1
========================================================================
Received Import Request.
  Time since last request: 0.000089 seconds.
  path: Assets/Plugins/UniTask/Runtime/Progress.cs
  artifactKey: Guid(e3377e2ae934ed54fb8fd5388e2d9eb9) Importer(2089858483,0ecaa5967403d082aa24f35e1b516d23)
Start importing Assets/Plugins/UniTask/Runtime/Progress.cs using Guid(e3377e2ae934ed54fb8fd5388e2d9eb9) Importer(2089858483,0ecaa5967403d082aa24f35e1b516d23) Generated GUIDs only implemented for interfaces!
 -> (artifact id: 'd1a932a023478a91fe0711ce7e6e6721') in 0.023733 seconds
Number of updated asset objects reloaded before import = 0
Number of asset objects unloaded after import = 1
Editor requested this worker to shutdown with reason: Scaling down because of idle timeout
TcpMessagingSession - receive error: operation aborted. errorcode: 995, details: The I/O operation has been aborted because of either a thread exit or an application request.
AssetImportWorker is now disconnected from the server
Process exiting
Exiting without the bug reporter. Application will terminate with return code 0